20230811 01:05:04.366404,POWER,Power On
20230811 01:05:05.370363,STATUS,LON=0.0 LAT=0.0 ALT=0.0
20230811 01:05:06.792021,ERR,Cannot open serial port /dev/tty.usbserial-53220409041
20230811 01:05:07.793124,POWER,Power Reset
20230811 01:05:11.619938,STATUS,LON=0.0 LAT=0.0 ALT=0.0
20230811 01:05:12.859353,POWER,Power Reset
20230811 01:05:17.874729,STATUS,LON=0.0 LAT=0.0 ALT=0.0
20230811 01:05:19.115274,POWER,Power Reset
20230811 01:05:24.131108,STATUS,LON=0.0 LAT=0.0 ALT=0.0
20230811 01:05:25.390846,CMD,80ffc000000003ff000000000000000000
20230811 01:07:48.267802,POWER,Power On
20230811 01:07:49.273535,STATUS,LON=0.0 LAT=0.0 ALT=0.0
20230811 01:07:50.536728,CMD,80ffc000000007fe000000000000000000
20230811 01:21:14.352713,STATUS,LON=0.0 LAT=0.0 ALT=0.0
20230811 01:21:15.605523,POWER,Power Reset
20230811 01:21:20.618088,STATUS,LON=0.0 LAT=0.0 ALT=0.0
20230811 01:21:21.878067,CMD,80ffc01000000b09088040613000502205
20230811 01:21:29.306821,POWER,Power On
20230811 01:21:30.312600,STATUS,LON=0.0 LAT=0.0 ALT=0.0
20230811 01:21:31.572348,CMD,80ffc01000000f08088040613000502205
20230811 01:22:45.030017,POWER,Power On
20230811 01:22:49.924769,STATUS,LON=0.0 LAT=0.0 ALT=0.0
20230811 01:22:51.188822,CMD,80ffc000000003ff000000000000000000
20230811 01:33:15.292790,STATUS,LON=0.0 LAT=0.0 ALT=0.0
20230811 01:33:16.562355,CMD,80ffc000000003ff000000000000000000
20230811 01:36:13.437626,POWER,Power On
20230811 01:36:15.530567,STATUS,UPCOUNTER=0
20230811 01:36:16.788523,CMD,80ffc000000003ff000000000000000000
20230811 01:39:59.440229,POWER,Power On
20230811 01:40:02.820183,STATUS,UPCOUNTER=0
20230811 01:40:04.082956,CMD,80ffc000000003ff000000000000000000
